<?xml version="1.0" encoding="UTF-8"?>
<testsuite name="javapractice.javapractice.MyNodeTest" tests="1" skipped="0" failures="0" errors="0" timestamp="2021-03-26T11:01:57" hostname="DESKTOP-011U31P" time="0.057">
  <properties/>
  <testcase name="GivenThreeNumbersWhenLinkedShouldPassedLinkedListTest()" classname="javapractice.javapractice.MyNodeTest" time="0.057"/>
  <system-out><![CDATA[]]></system-out>
  <system-err><![CDATA[]]></system-err>
</testsuite>
